20230823	12:32:43	8703df5c-a10b-4f2f-9b92-b0c3316927c9	ReferenceError:User is not defined	POST	/items	http://localhost:3000
20230823	12:32:58	90d5183b-b393-4c5b-98ed-2a7e921695de	ReferenceError:User is not defined	POST	/items	http://localhost:3000
20230823	13:25:21	30092060-d938-4800-a70a-9a13bd844f18	SyntaxError:Unexpected token '6', "#" is not valid JSON	DELETE	/items	http://localhost:3000
20230823	13:25:22	3f8e3c59-33d8-492a-a9c9-b12444a1f48a	SyntaxError:Unexpected token '6', "#" is not valid JSON	DELETE	/items	http://localhost:3000
20230823	13:25:23	1287e35d-f61d-4510-9403-57b12d92411b	SyntaxError:Unexpected token '6', "#" is not valid JSON	DELETE	/items	http://localhost:3000
20230823	13:25:23	259f9cc7-7b86-4ed9-87cc-65c1be05cd39	SyntaxError:Unexpected token '6', "#" is not valid JSON	DELETE	/items	http://localhost:3000
20230823	13:25:24	0de425b5-f639-4639-ba77-191633504975	SyntaxError:Unexpected token '6', "#" is not valid JSON	DELETE	/items	http://localhost:3000
20230823	13:25:24	92115d49-51b3-487c-8b4c-ad26efc7d228	SyntaxError:Unexpected token '6', "#" is not valid JSON	DELETE	/items	http://localhost:3000
20230823	13:25:25	0ca2ec77-4327-459a-a37d-8a71acd2d3df	SyntaxError:Unexpected token '6', "#" is not valid JSON	DELETE	/items	http://localhost:3000
20230823	13:25:25	8762108c-e0f7-499a-85fc-1cd8debc64cc	SyntaxError:Unexpected token '6', "#" is not valid JSON	DELETE	/items	http://localhost:3000
20230823	13:26:00	5181745d-366f-4edc-bd50-10aef9f6c596	SyntaxError:Unexpected token '6', "#" is not valid JSON	DELETE	/items	http://localhost:3000
20230823	13:26:01	0798eb9b-2ab7-4b2c-9787-9cf15cd261e3	SyntaxError:Unexpected token '6', "#" is not valid JSON	DELETE	/items	http://localhost:3000
20230823	13:26:01	82fa7594-3141-40f3-ae61-fbf1a13c6e1b	SyntaxError:Unexpected token '6', "#" is not valid JSON	DELETE	/items	http://localhost:3000
20230823	13:28:04	b1b58ead-7752-4291-ac65-37202d55a4a8	SyntaxError:Unexpected token '"', "#" is not valid JSON	DELETE	/items	http://localhost:3000
20230823	13:32:50	66bb6d48-81c9-4709-a4f4-1d18db3fcc45	ReferenceError:boolean is not defined	PATCH	/items	undefined
20230823	13:33:27	1fb70481-65a6-454a-9634-77ce86f49baa	ReferenceError:boolean is not defined	PATCH	/items	undefined
20230823	13:33:30	c7ba86f6-5b36-436a-abb5-5c5c72565bde	ReferenceError:boolean is not defined	PATCH	/items	undefined
20230823	13:34:18	848d1553-bf86-4b0b-b9bd-736a192322a2	SyntaxError:Unexpected token 'B', ..."checked": Boolean("t"... is not valid JSON	PATCH	/items	undefined
20230823	13:34:42	7e26aad0-bed8-41d9-9d2e-00e60253eb83	ReferenceError:boolean is not defined	PATCH	/items	undefined
20230823	13:34:46	968a5614-6db6-4bb7-9289-b69bef7a7fd3	SyntaxError:Expected double-quoted property name in JSON at position 80	PATCH	/items	undefined
20230823	13:34:51	bec087e2-8a86-4e55-aa5c-7abafaf27acc	ReferenceError:boolean is not defined	PATCH	/items	undefined
20230823	13:37:19	d3ec3560-7db3-488e-88bd-a1f901498246	ReferenceError:boolean is not defined	PATCH	/items	undefined
20230823	13:37:54	fbbfa0ec-b1a0-4436-816b-0d303c6afc34	ReferenceError:boolean is not defined	PATCH	/items	undefined
20230823	13:50:54	ad273aca-49ab-4289-8f7e-7baa9eeb4475	SyntaxError:Expected double-quoted property name in JSON at position 27	POST	/items	undefined
20230823	13:53:21	2b60d06f-ddf8-4117-99d7-bea7a759371f	CastError:Cast to ObjectId failed for value "-1" (type string) at path "_id" for model "Item"	DELETE	/items	undefined
20230823	13:53:26	951aa525-5173-487b-8775-200be25d067c	CastError:Cast to ObjectId failed for value "-1" (type number) at path "_id" for model "Item"	DELETE	/items	undefined
20230823	13:54:55	e8118e69-6691-48da-9122-e804da5b4d7c	SyntaxError:Unexpected token 'h', ..." "title": help
}" is not valid JSON	POST	/items	undefined
20230823	18:24:11	7f826e6f-837a-497a-96d6-c429427c99e6	ReferenceError:format is not defined	POST	/items	http://localhost:3000
20230823	18:24:16	d2d6f0b7-2923-4456-917e-3ab4ffb36297	ReferenceError:format is not defined	POST	/items	http://localhost:3000
20230823	18:24:27	6ce9434c-3fd2-48fb-955a-54db228c1cf2	ReferenceError:format is not defined	POST	/items	http://localhost:3000
20230823	18:26:19	f89a406b-7f25-4e79-b0a2-c01ac4e44fa3	ValidationError:Item validation failed: date: Path `date` is required.	POST	/items	http://localhost:3000
20230823	18:41:05	71a3f04a-b51a-4d29-9bae-879327b2deb6	ReferenceError:format is not defined	POST	/items	http://localhost:3000
20230823	18:41:16	ae44a49b-6bf0-4a2e-b0ec-6348dae37420	ReferenceError:format is not defined	POST	/items	http://localhost:3000
20230823	18:41:44	7a324e59-313c-41c2-820b-d821ccc01a26	ReferenceError:format is not defined	POST	/items	http://localhost:3000
20230823	18:42:38	cef35024-fa76-42ee-a7b8-02cf204c21af	ReferenceError:format is not defined	POST	/items	http://localhost:3000
20230823	18:43:57	47f0a139-83e9-4722-9213-2d79c831bc32	ReferenceError:format is not defined	POST	/items	http://localhost:3000
20230823	18:44:07	7259ab9d-1ca0-487c-93b1-232bff0bf5c5	ReferenceError:format is not defined	POST	/items	http://localhost:3000
